<?xml version="1.0" encoding="UTF-8"?>
<!-- Generated by org.testng.reporters.JUnitReportReporter -->
<testsuite hostname="RHJ-9F-D079" name="com.test.Appium" tests="1" failures="0" timestamp="12 Aug 2015 06:03:49 GMT" time="16.790" errors="0">
  <testcase name="Appium_SetUp" time="16.790" classname="com.test.Appium"/>
</testsuite> <!-- com.test.Appium -->
