<?xml version="1.0" encoding="UTF-8"?>
<!-- Generated by org.testng.reporters.JUnitReportReporter -->
<testsuite hostname="RHJ-9F-D079" name="scripts.com.test.TestClass" tests="1" failures="0" timestamp="13 Aug 2015 13:51:17 GMT" time="5.727" errors="0">
  <testcase name="doSauceAction" time="5.727" classname="scripts.com.test.TestClass"/>
</testsuite> <!-- scripts.com.test.TestClass -->
