<?xml version="1.0" encoding="UTF-8"?>
<!-- Generated by org.testng.reporters.JUnitReportReporter -->
<testsuite hostname="RHJ-9F-D079" name="com.test.MRT_STG" tests="1" failures="0" timestamp="12 Aug 2015 13:25:45 GMT" time="8.469" errors="0">
  <testcase name="login" time="8.469" classname="com.test.MRT_STG"/>
</testsuite> <!-- com.test.MRT_STG -->
